<?xml version="1.0" encoding="UTF-8"?>
<!-- Generated by org.testng.reporters.JUnitReportReporter -->
<testsuite hostname="KUMARANHARSHA" failures="0" tests="1" name="org.driveTheDataFromExcelWithHelpOfDP.DataPassToWebPageFromExcelWithHelpDataProvider" time="8.978" errors="0" timestamp="2024-11-27T23:42:30 IST" skipped="0">
  <testcase classname="org.driveTheDataFromExcelWithHelpOfDP.DataPassToWebPageFromExcelWithHelpDataProvider" name="main" time="8.978"/>
  <system-out/>
</testsuite> <!-- org.driveTheDataFromExcelWithHelpOfDP.DataPassToWebPageFromExcelWithHelpDataProvider -->
