<?xml version="1.0" encoding="UTF-8"?>
<!-- Generated by org.testng.reporters.JUnitReportReporter -->
<testsuite hostname="KUMARANHARSHA" failures="0" tests="13" name="org.passMultipleDataInSameFieldWithDP.PassMultipleDataInSameFieldWithHelpOfDP" time="123.585" errors="0" timestamp="2024-11-28T00:14:17 IST" skipped="0">
  <testcase classname="org.passMultipleDataInSameFieldWithDP.PassMultipleDataInSameFieldWithHelpOfDP" name="main" time="9.224"/>
  <system-out/>
  <testcase classname="org.passMultipleDataInSameFieldWithDP.PassMultipleDataInSameFieldWithHelpOfDP" name="main" time="10.768"/>
  <system-out/>
  <testcase classname="org.passMultipleDataInSameFieldWithDP.PassMultipleDataInSameFieldWithHelpOfDP" name="main" time="8.962"/>
  <system-out/>
  <testcase classname="org.passMultipleDataInSameFieldWithDP.PassMultipleDataInSameFieldWithHelpOfDP" name="main" time="9.181"/>
  <system-out/>
  <testcase classname="org.passMultipleDataInSameFieldWithDP.PassMultipleDataInSameFieldWithHelpOfDP" name="main" time="9.357"/>
  <system-out/>
  <testcase classname="org.passMultipleDataInSameFieldWithDP.PassMultipleDataInSameFieldWithHelpOfDP" name="main" time="8.966"/>
  <system-out/>
  <testcase classname="org.passMultipleDataInSameFieldWithDP.PassMultipleDataInSameFieldWithHelpOfDP" name="main" time="9.541"/>
  <system-out/>
  <testcase classname="org.passMultipleDataInSameFieldWithDP.PassMultipleDataInSameFieldWithHelpOfDP" name="main" time="8.810"/>
  <system-out/>
  <testcase classname="org.passMultipleDataInSameFieldWithDP.PassMultipleDataInSameFieldWithHelpOfDP" name="main" time="9.133"/>
  <system-out/>
  <testcase classname="org.passMultipleDataInSameFieldWithDP.PassMultipleDataInSameFieldWithHelpOfDP" name="main" time="10.302"/>
  <system-out/>
  <testcase classname="org.passMultipleDataInSameFieldWithDP.PassMultipleDataInSameFieldWithHelpOfDP" name="main" time="9.003"/>
  <system-out/>
  <testcase classname="org.passMultipleDataInSameFieldWithDP.PassMultipleDataInSameFieldWithHelpOfDP" name="main" time="10.933"/>
  <system-out/>
  <testcase classname="org.passMultipleDataInSameFieldWithDP.PassMultipleDataInSameFieldWithHelpOfDP" name="main" time="9.405"/>
  <system-out/>
</testsuite> <!-- org.passMultipleDataInSameFieldWithDP.PassMultipleDataInSameFieldWithHelpOfDP -->
