<?xml version="1.0" encoding="UTF-8"?>
<!-- Generated by org.testng.reporters.JUnitReportReporter -->
<testsuite hostname="KUMARANHARSHA" failures="0" tests="1" name="org.dataProviderOnly.PassTheDataFromOneDataMethod" time="9.871" errors="0" timestamp="2024-11-28T00:29:34 IST" skipped="0">
  <testcase classname="org.dataProviderOnly.PassTheDataFromOneDataMethod" name="main" time="9.871"/>
  <system-out/>
</testsuite> <!-- org.dataProviderOnly.PassTheDataFromOneDataMethod -->
