<?xml version="1.0" encoding="UTF-8"?>
<!-- Generated by org.testng.reporters.JUnitReportReporter -->
<testsuite hostname="KUMARANHARSHA" failures="0" tests="1" name="org.dataPassToWebpageFromXmlFile.DataPassFromXmlFile" time="10.796" errors="0" timestamp="2024-11-28T00:48:56 IST" skipped="0">
  <testcase classname="org.dataPassToWebpageFromXmlFile.DataPassFromXmlFile" name="main" time="10.796"/>
  <system-out/>
</testsuite> <!-- org.dataPassToWebpageFromXmlFile.DataPassFromXmlFile -->
